app/build/intermediates/manifest_merge_blame_file/release/manifest-merger-blame-release-report.txt
1<?xml version="1.0" encoding="utf-8"?>
2<manifest xmlns:android="http://schemas.android.com/apk/res/android"
3    package="com.workout.NoEquipment"
4    android:versionCode="7"
5    android:versionName="2.7" >
6
7    <uses-sdk
8        android:minSdkVersion="21"
9        android:targetSdkVersion="34" />
10
11    <uses-permission android:name="android.permission.INTERNET" />
11-->src/main/AndroidManifest.xml:5:5-67
11-->src/main/AndroidManifest.xml:5:22-64
12    <uses-permission android:name="android.permission.ACCESS_NETWORK_STATE" />
12-->src/main/AndroidManifest.xml:6:5-79
12-->src/main/AndroidManifest.xml:6:22-76
13    <uses-permission android:name="android.permission.SCHEDULE_EXACT_ALARM" />
13-->src/main/AndroidManifest.xml:7:5-79
13-->src/main/AndroidManifest.xml:7:22-76
14    <uses-permission android:name="com.android.vending.BILLING" />
14-->src/main/AndroidManifest.xml:8:5-67
14-->src/main/AndroidManifest.xml:8:22-64
15
16    <queries>
16-->src/main/AndroidManifest.xml:10:5-14:15
17        <intent>
17-->src/main/AndroidManifest.xml:11:9-13:18
18            <action android:name="com.google.android.youtube.api.service.START" />
18-->src/main/AndroidManifest.xml:12:13-83
18-->src/main/AndroidManifest.xml:12:21-80
19        </intent>
20        <intent>
20-->[com.android.billingclient:billing:6.1.0] AndroidManifest.xml:13:9-15:18
21            <action android:name="com.android.vending.billing.InAppBillingService.BIND" />
21-->[com.android.billingclient:billing:6.1.0] AndroidManifest.xml:14:13-91
21-->[com.android.billingclient:billing:6.1.0] AndroidManifest.xml:14:21-88
22        </intent> <!-- For browser content -->
23        <intent>
23-->[com.google.android.gms:play-services-ads-lite:22.5.0] AndroidManifest.xml:38:9-44:18
24            <action android:name="android.intent.action.VIEW" />
24-->[com.google.android.gms:play-services-ads-lite:22.5.0] AndroidManifest.xml:39:13-65
24-->[com.google.android.gms:play-services-ads-lite:22.5.0] AndroidManifest.xml:39:21-62
25
26            <category android:name="android.intent.category.BROWSABLE" />
26-->[com.google.android.gms:play-services-ads-lite:22.5.0] AndroidManifest.xml:41:13-74
26-->[com.google.android.gms:play-services-ads-lite:22.5.0] AndroidManifest.xml:41:23-71
27
28            <data android:scheme="https" />
28-->[com.google.android.gms:play-services-ads-lite:22.5.0] AndroidManifest.xml:43:13-44
28-->[com.google.android.gms:play-services-ads-lite:22.5.0] AndroidManifest.xml:43:19-41
29        </intent> <!-- End of browser content -->
30        <!-- For CustomTabsService -->
31        <intent>
31-->[com.google.android.gms:play-services-ads-lite:22.5.0] AndroidManifest.xml:47:9-49:18
32            <action android:name="android.support.customtabs.action.CustomTabsService" />
32-->[com.google.android.gms:play-services-ads-lite:22.5.0] AndroidManifest.xml:48:13-90
32-->[com.google.android.gms:play-services-ads-lite:22.5.0] AndroidManifest.xml:48:21-87
33        </intent>
34
35        <package android:name="com.facebook.katana" />
35-->[:AudienceNetwork:] AndroidManifest.xml:12:9-55
35-->[:AudienceNetwork:] AndroidManifest.xml:12:18-52
36    </queries>
37
38    <uses-permission android:name="android.permission.POST_NOTIFICATIONS" />
38-->[com.google.firebase:firebase-messaging:23.3.1] AndroidManifest.xml:23:5-77
38-->[com.google.firebase:firebase-messaging:23.3.1] AndroidManifest.xml:23:22-74
39    <uses-permission android:name="android.permission.WAKE_LOCK" /> <!-- Required by older versions of Google Play services to create IID tokens -->
39-->[com.google.firebase:firebase-messaging:23.3.1] AndroidManifest.xml:24:5-68
39-->[com.google.firebase:firebase-messaging:23.3.1] AndroidManifest.xml:24:22-65
40    <uses-permission android:name="com.google.android.c2dm.permission.RECEIVE" />
40-->[com.google.firebase:firebase-messaging:23.3.1] AndroidManifest.xml:26:5-82
40-->[com.google.firebase:firebase-messaging:23.3.1] AndroidManifest.xml:26:22-79
41    <uses-permission android:name="com.google.android.gms.permission.AD_ID" />
41-->[com.google.android.gms:play-services-measurement-api:21.5.0] AndroidManifest.xml:25:5-79
41-->[com.google.android.gms:play-services-measurement-api:21.5.0] AndroidManifest.xml:25:22-76
42    <uses-permission android:name="android.permission.ACCESS_ADSERVICES_ATTRIBUTION" />
42-->[com.google.android.gms:play-services-measurement-api:21.5.0] AndroidManifest.xml:26:5-88
42-->[com.google.android.gms:play-services-measurement-api:21.5.0] AndroidManifest.xml:26:22-85
43    <uses-permission android:name="android.permission.ACCESS_ADSERVICES_AD_ID" />
43-->[com.google.android.gms:play-services-measurement-api:21.5.0] AndroidManifest.xml:27:5-82
43-->[com.google.android.gms:play-services-measurement-api:21.5.0] AndroidManifest.xml:27:22-79
44    <uses-permission android:name="com.google.android.finsky.permission.BIND_GET_INSTALL_REFERRER_SERVICE" />
44-->[com.google.android.gms:play-services-measurement:21.5.0] AndroidManifest.xml:26:5-110
44-->[com.google.android.gms:play-services-measurement:21.5.0] AndroidManifest.xml:26:22-107
45    <uses-permission android:name="android.permission.ACCESS_ADSERVICES_TOPICS" />
45-->[com.google.android.gms:play-services-ads-lite:22.5.0] AndroidManifest.xml:29:5-83
45-->[com.google.android.gms:play-services-ads-lite:22.5.0] AndroidManifest.xml:29:22-80
46    <uses-permission android:name="android.permission.FOREGROUND_SERVICE" />
46-->[androidx.work:work-runtime:2.8.1] AndroidManifest.xml:26:5-77
46-->[androidx.work:work-runtime:2.8.1] AndroidManifest.xml:26:22-74
47
48    <permission
48-->[androidx.core:core:1.9.0] AndroidManifest.xml:22:5-24:47
49        android:name="com.workout.NoEquipment.DYNAMIC_RECEIVER_NOT_EXPORTED_PERMISSION"
49-->[androidx.core:core:1.9.0] AndroidManifest.xml:23:9-81
50        android:protectionLevel="signature" />
50-->[androidx.core:core:1.9.0] AndroidManifest.xml:24:9-44
51
52    <uses-permission android:name="com.workout.NoEquipment.DYNAMIC_RECEIVER_NOT_EXPORTED_PERMISSION" />
52-->[androidx.core:core:1.9.0] AndroidManifest.xml:26:5-97
52-->[androidx.core:core:1.9.0] AndroidManifest.xml:26:22-94
53    <uses-permission android:name="android.permission.WRITE_EXTERNAL_STORAGE" />
54    <uses-permission android:name="android.permission.READ_PHONE_STATE" />
55    <uses-permission android:name="android.permission.READ_EXTERNAL_STORAGE" />
56
57    <application
57-->src/main/AndroidManifest.xml:17:5-349:19
58        android:name="com.loseweight.MyApplication"
58-->src/main/AndroidManifest.xml:18:9-52
59        android:allowBackup="false"
59-->src/main/AndroidManifest.xml:19:9-36
60        android:appComponentFactory="android.support.v4.app.CoreComponentFactory"
60-->src/main/AndroidManifest.xml:20:9-82
61        android:extractNativeLibs="true"
62        android:fullBackupContent="false"
62-->src/main/AndroidManifest.xml:21:9-42
63        android:icon="@mipmap/ic_launcher_round"
63-->src/main/AndroidManifest.xml:22:9-49
64        android:label="@string/app_name"
64-->src/main/AndroidManifest.xml:23:9-41
65        android:networkSecurityConfig="@xml/network_security_config"
65-->src/main/AndroidManifest.xml:24:9-69
66        android:requestLegacyExternalStorage="true"
66-->src/main/AndroidManifest.xml:25:9-52
67        android:roundIcon="@mipmap/ic_launcher_round"
67-->src/main/AndroidManifest.xml:26:9-54
68        android:supportsRtl="false"
68-->src/main/AndroidManifest.xml:27:9-36
69        android:theme="@style/AppThemeNoActionbar"
69-->src/main/AndroidManifest.xml:28:9-51
70        android:usesCleartextTraffic="true" >
70-->src/main/AndroidManifest.xml:29:9-44
71        <receiver
71-->src/main/AndroidManifest.xml:33:9-39:20
72            android:name="com.loseweight.MyApplication$InternetConnectionReceiver"
72-->src/main/AndroidManifest.xml:34:13-83
73            android:exported="true" >
73-->src/main/AndroidManifest.xml:35:13-36
74            <intent-filter>
74-->src/main/AndroidManifest.xml:36:13-38:29
75                <action android:name="android.net.conn.CONNECTIVITY_CHANGE" />
75-->src/main/AndroidManifest.xml:37:17-79
75-->src/main/AndroidManifest.xml:37:25-76
76            </intent-filter>
77        </receiver>
78        <receiver android:name="com.loseweight.utils.watertracker.WaterTrackerBroadcastReceiver" />
78-->src/main/AndroidManifest.xml:41:9-86
78-->src/main/AndroidManifest.xml:41:19-83
79        <receiver android:name="com.loseweight.utils.watertracker.WaterTrackerStopBroadcastReceiver" />
79-->src/main/AndroidManifest.xml:42:9-90
79-->src/main/AndroidManifest.xml:42:19-87
80
81        <service
81-->src/main/AndroidManifest.xml:44:9-51:19
82            android:name="com.loseweight.fcm.MyFirebaseMessagingService"
82-->src/main/AndroidManifest.xml:45:13-59
83            android:exported="false" >
83-->src/main/AndroidManifest.xml:46:13-37
84            <intent-filter>
84-->src/main/AndroidManifest.xml:47:13-50:29
85                <action android:name="com.google.firebase.MESSAGING_EVENT" />
85-->src/main/AndroidManifest.xml:48:17-78
85-->src/main/AndroidManifest.xml:48:25-75
86                <action android:name="com.google.android.c2dm.intent.RECEIVE" />
86-->src/main/AndroidManifest.xml:49:17-81
86-->src/main/AndroidManifest.xml:49:25-78
87            </intent-filter>
88        </service>
89        <service
89-->src/main/AndroidManifest.xml:53:9-57:19
90            android:name="com.google.firebase.components.ComponentDiscoveryService"
90-->src/main/AndroidManifest.xml:53:18-89
91            android:directBootAware="true"
91-->[com.google.firebase:firebase-common:20.4.2] AndroidManifest.xml:32:13-43
92            android:exported="false" >
92-->[com.google.firebase:firebase-messaging:23.3.1] AndroidManifest.xml:56:13-37
93            <meta-data
93-->src/main/AndroidManifest.xml:54:13-56:85
94                android:name="com.google.firebase.components:com.google.firebase.iid.Registrar"
94-->src/main/AndroidManifest.xml:55:17-96
95                android:value="com.google.firebase.components.ComponentRegistrar" />
95-->src/main/AndroidManifest.xml:56:17-82
96            <meta-data
96-->[com.google.firebase:firebase-messaging:23.3.1] AndroidManifest.xml:57:13-59:85
97                android:name="com.google.firebase.components:com.google.firebase.messaging.FirebaseMessagingKtxRegistrar"
97-->[com.google.firebase:firebase-messaging:23.3.1] AndroidManifest.xml:58:17-122
98                android:value="com.google.firebase.components.ComponentRegistrar" />
98-->[com.google.firebase:firebase-messaging:23.3.1] AndroidManifest.xml:59:17-82
99            <meta-data
99-->[com.google.firebase:firebase-messaging:23.3.1] AndroidManifest.xml:60:13-62:85
100                android:name="com.google.firebase.components:com.google.firebase.messaging.FirebaseMessagingRegistrar"
100-->[com.google.firebase:firebase-messaging:23.3.1] AndroidManifest.xml:61:17-119
101                android:value="com.google.firebase.components.ComponentRegistrar" />
101-->[com.google.firebase:firebase-messaging:23.3.1] AndroidManifest.xml:62:17-82
102            <meta-data
102-->[com.google.android.gms:play-services-measurement-api:21.5.0] AndroidManifest.xml:37:13-39:85
103                android:name="com.google.firebase.components:com.google.firebase.analytics.connector.internal.AnalyticsConnectorRegistrar"
103-->[com.google.android.gms:play-services-measurement-api:21.5.0] AndroidManifest.xml:38:17-139
104                android:value="com.google.firebase.components.ComponentRegistrar" />
104-->[com.google.android.gms:play-services-measurement-api:21.5.0] AndroidManifest.xml:39:17-82
105            <meta-data
105-->[com.google.firebase:firebase-installations:17.2.0] AndroidManifest.xml:15:13-17:85
106                android:name="com.google.firebase.components:com.google.firebase.installations.FirebaseInstallationsKtxRegistrar"
106-->[com.google.firebase:firebase-installations:17.2.0] AndroidManifest.xml:16:17-130
107                android:value="com.google.firebase.components.ComponentRegistrar" />
107-->[com.google.firebase:firebase-installations:17.2.0] AndroidManifest.xml:17:17-82
108            <meta-data
108-->[com.google.firebase:firebase-installations:17.2.0] AndroidManifest.xml:18:13-20:85
109                android:name="com.google.firebase.components:com.google.firebase.installations.FirebaseInstallationsRegistrar"
109-->[com.google.firebase:firebase-installations:17.2.0] AndroidManifest.xml:19:17-127
110                android:value="com.google.firebase.components.ComponentRegistrar" />
110-->[com.google.firebase:firebase-installations:17.2.0] AndroidManifest.xml:20:17-82
111            <meta-data
111-->[com.google.firebase:firebase-common-ktx:20.4.2] AndroidManifest.xml:12:13-14:85
112                android:name="com.google.firebase.components:com.google.firebase.ktx.FirebaseCommonLegacyRegistrar"
112-->[com.google.firebase:firebase-common-ktx:20.4.2] AndroidManifest.xml:13:17-116
113                android:value="com.google.firebase.components.ComponentRegistrar" />
113-->[com.google.firebase:firebase-common-ktx:20.4.2] AndroidManifest.xml:14:17-82
114            <meta-data
114-->[com.google.firebase:firebase-common:20.4.2] AndroidManifest.xml:35:13-37:85
115                android:name="com.google.firebase.components:com.google.firebase.FirebaseCommonKtxRegistrar"
115-->[com.google.firebase:firebase-common:20.4.2] AndroidManifest.xml:36:17-109
116                android:value="com.google.firebase.components.ComponentRegistrar" />
116-->[com.google.firebase:firebase-common:20.4.2] AndroidManifest.xml:37:17-82
117            <meta-data
117-->[com.google.firebase:firebase-datatransport:18.1.7] AndroidManifest.xml:27:13-29:85
118                android:name="com.google.firebase.components:com.google.firebase.datatransport.TransportRegistrar"
118-->[com.google.firebase:firebase-datatransport:18.1.7] AndroidManifest.xml:28:17-115
119                android:value="com.google.firebase.components.ComponentRegistrar" />
119-->[com.google.firebase:firebase-datatransport:18.1.7] AndroidManifest.xml:29:17-82
120        </service>
121
122        <receiver
122-->src/main/AndroidManifest.xml:59:9-63:47
123            android:name="com.loseweight.utils.reminder.AlarmReceiver"
123-->src/main/AndroidManifest.xml:60:13-57
124            android:enabled="true"
124-->src/main/AndroidManifest.xml:61:13-35
125            android:exported="true" />
125-->src/main/AndroidManifest.xml:62:13-36
126        <receiver
126-->src/main/AndroidManifest.xml:65:9-71:20
127            android:name="com.loseweight.utils.reminder.BootReceiver"
127-->src/main/AndroidManifest.xml:66:13-56
128            android:exported="true" >
128-->src/main/AndroidManifest.xml:67:13-36
129            <intent-filter>
129-->src/main/AndroidManifest.xml:68:13-70:29
130                <action android:name="android.intent.action.BOOT_COMPLETED" />
130-->src/main/AndroidManifest.xml:69:17-79
130-->src/main/AndroidManifest.xml:69:25-76
131            </intent-filter>
132        </receiver>
133
134        <provider
135            android:name="androidx.core.content.FileProvider"
135-->src/main/AndroidManifest.xml:74:13-62
136            android:authorities="com.workout.NoEquipment.provider"
136-->src/main/AndroidManifest.xml:75:13-60
137            android:exported="false"
137-->src/main/AndroidManifest.xml:76:13-37
138            android:grantUriPermissions="true" >
138-->src/main/AndroidManifest.xml:77:13-47
139            <meta-data
139-->src/main/AndroidManifest.xml:78:13-80:58
140                android:name="android.support.FILE_PROVIDER_PATHS"
140-->src/main/AndroidManifest.xml:79:17-67
141                android:resource="@xml/provider_paths" />
141-->src/main/AndroidManifest.xml:80:17-55
142        </provider>
143
144        <meta-data
144-->src/main/AndroidManifest.xml:84:9-86:52
145            android:name="com.google.android.gms.ads.APPLICATION_ID"
145-->src/main/AndroidManifest.xml:85:13-69
146            android:value="@string/admob_app_id" />
146-->src/main/AndroidManifest.xml:86:13-49
147
148        <activity
148-->src/main/AndroidManifest.xml:88:9-104:20
149            android:name="com.loseweight.SplashScreenActivity"
149-->src/main/AndroidManifest.xml:89:13-63
150            android:configChanges="keyboard|keyboardHidden|navigation|orientation|screenLayout|uiMode|screenSize"
150-->src/main/AndroidManifest.xml:90:13-114
151            android:exported="true"
151-->src/main/AndroidManifest.xml:91:13-36
152            android:label="@string/app_name"
152-->src/main/AndroidManifest.xml:92:13-45
153            android:launchMode="singleInstance"
153-->src/main/AndroidManifest.xml:93:13-48
154            android:screenOrientation="portrait"
154-->src/main/AndroidManifest.xml:94:13-49
155            android:theme="@style/AppThemeSplash"
155-->src/main/AndroidManifest.xml:95:13-50
156            android:windowSoftInputMode="stateHidden|stateAlwaysHidden|adjustPan" >
156-->src/main/AndroidManifest.xml:96:13-82
157            <intent-filter>
157-->src/main/AndroidManifest.xml:98:13-102:29
158                <action android:name="android.intent.action.MAIN" />
158-->src/main/AndroidManifest.xml:99:17-69
158-->src/main/AndroidManifest.xml:99:25-66
159
160                <category android:name="android.intent.category.LAUNCHER" />
160-->src/main/AndroidManifest.xml:101:17-77
160-->src/main/AndroidManifest.xml:101:27-74
161            </intent-filter>
162        </activity>
163        <activity
163-->src/main/AndroidManifest.xml:106:9-114:20
164            android:name="com.loseweight.CustomGalleryActivity"
164-->src/main/AndroidManifest.xml:107:13-64
165            android:configChanges="keyboard|keyboardHidden|navigation|orientation|screenLayout|uiMode|screenSize"
165-->src/main/AndroidManifest.xml:108:13-114
166            android:exported="true"
166-->src/main/AndroidManifest.xml:109:13-36
167            android:label="@string/app_name"
167-->src/main/AndroidManifest.xml:110:13-45
168            android:screenOrientation="portrait"
168-->src/main/AndroidManifest.xml:111:13-49
169            android:windowSoftInputMode="stateHidden|stateAlwaysHidden|adjustNothing" >
169-->src/main/AndroidManifest.xml:112:13-86
170        </activity>
171        <activity
171-->src/main/AndroidManifest.xml:116:9-122:89
172            android:name="com.loseweight.HomeActivity"
172-->src/main/AndroidManifest.xml:117:13-55
173            android:configChanges="keyboard|keyboardHidden|navigation|orientation|screenLayout|uiMode|screenSize"
173-->src/main/AndroidManifest.xml:118:13-114
174            android:exported="true"
174-->src/main/AndroidManifest.xml:119:13-36
175            android:label="@string/app_name"
175-->src/main/AndroidManifest.xml:120:13-45
176            android:screenOrientation="portrait"
176-->src/main/AndroidManifest.xml:121:13-49
177            android:windowSoftInputMode="stateHidden|stateAlwaysHidden|adjustNothing" />
177-->src/main/AndroidManifest.xml:122:13-86
178        <activity
178-->src/main/AndroidManifest.xml:124:9-130:89
179            android:name="com.loseweight.ChooseYourPlanActivity"
179-->src/main/AndroidManifest.xml:125:13-65
180            android:configChanges="keyboard|keyboardHidden|navigation|orientation|screenLayout|uiMode|screenSize"
180-->src/main/AndroidManifest.xml:126:13-114
181            android:exported="true"
181-->src/main/AndroidManifest.xml:127:13-36
182            android:label="@string/app_name"
182-->src/main/AndroidManifest.xml:128:13-45
183            android:screenOrientation="portrait"
183-->src/main/AndroidManifest.xml:129:13-49
184            android:windowSoftInputMode="stateHidden|stateAlwaysHidden|adjustNothing" />
184-->src/main/AndroidManifest.xml:130:13-86
185        <activity
185-->src/main/AndroidManifest.xml:132:9-138:89
186            android:name="com.loseweight.ChooseWeightActivity"
186-->src/main/AndroidManifest.xml:133:13-63
187            android:configChanges="keyboard|keyboardHidden|navigation|orientation|screenLayout|uiMode|screenSize"
187-->src/main/AndroidManifest.xml:134:13-114
188            android:exported="true"
188-->src/main/AndroidManifest.xml:135:13-36
189            android:label="@string/app_name"
189-->src/main/AndroidManifest.xml:136:13-45
190            android:screenOrientation="portrait"
190-->src/main/AndroidManifest.xml:137:13-49
191            android:windowSoftInputMode="stateHidden|stateAlwaysHidden|adjustNothing" />
191-->src/main/AndroidManifest.xml:138:13-86
192        <activity
192-->src/main/AndroidManifest.xml:140:9-146:89
193            android:name="com.loseweight.ChooseTargetWeightActivity"
193-->src/main/AndroidManifest.xml:141:13-69
194            android:configChanges="keyboard|keyboardHidden|navigation|orientation|screenLayout|uiMode|screenSize"
194-->src/main/AndroidManifest.xml:142:13-114
195            android:exported="true"
195-->src/main/AndroidManifest.xml:143:13-36
196            android:label="@string/app_name"
196-->src/main/AndroidManifest.xml:144:13-45
197            android:screenOrientation="portrait"
197-->src/main/AndroidManifest.xml:145:13-49
198            android:windowSoftInputMode="stateHidden|stateAlwaysHidden|adjustNothing" />
198-->src/main/AndroidManifest.xml:146:13-86
199        <activity
199-->src/main/AndroidManifest.xml:148:9-154:89
200            android:name="com.loseweight.ChooseHeightActivity"
200-->src/main/AndroidManifest.xml:149:13-63
201            android:configChanges="keyboard|keyboardHidden|navigation|orientation|screenLayout|uiMode|screenSize"
201-->src/main/AndroidManifest.xml:150:13-114
202            android:exported="true"
202-->src/main/AndroidManifest.xml:151:13-36
203            android:label="@string/app_name"
203-->src/main/AndroidManifest.xml:152:13-45
204            android:screenOrientation="portrait"
204-->src/main/AndroidManifest.xml:153:13-49
205            android:windowSoftInputMode="stateHidden|stateAlwaysHidden|adjustNothing" />
205-->src/main/AndroidManifest.xml:154:13-86
206        <activity
206-->src/main/AndroidManifest.xml:156:9-162:89
207            android:name="com.loseweight.BMIActivity"
207-->src/main/AndroidManifest.xml:157:13-54
208            android:configChanges="keyboard|keyboardHidden|navigation|orientation|screenLayout|uiMode|screenSize"
208-->src/main/AndroidManifest.xml:158:13-114
209            android:exported="true"
209-->src/main/AndroidManifest.xml:159:13-36
210            android:label="@string/app_name"
210-->src/main/AndroidManifest.xml:160:13-45
211            android:screenOrientation="portrait"
211-->src/main/AndroidManifest.xml:161:13-49
212            android:windowSoftInputMode="stateHidden|stateAlwaysHidden|adjustNothing" />
212-->src/main/AndroidManifest.xml:162:13-86
213        <activity
213-->src/main/AndroidManifest.xml:164:9-170:89
214            android:name="com.loseweight.YourPlanActivity"
214-->src/main/AndroidManifest.xml:165:13-59
215            android:configChanges="keyboard|keyboardHidden|navigation|orientation|screenLayout|uiMode|screenSize"
215-->src/main/AndroidManifest.xml:166:13-114
216            android:exported="true"
216-->src/main/AndroidManifest.xml:167:13-36
217            android:label="@string/app_name"
217-->src/main/AndroidManifest.xml:168:13-45
218            android:screenOrientation="portrait"
218-->src/main/AndroidManifest.xml:169:13-49
219            android:windowSoftInputMode="stateHidden|stateAlwaysHidden|adjustNothing" />
219-->src/main/AndroidManifest.xml:170:13-86
220        <activity
220-->src/main/AndroidManifest.xml:172:9-178:89
221            android:name="com.loseweight.WhatsYourGoalActivity"
221-->src/main/AndroidManifest.xml:173:13-64
222            android:configChanges="keyboard|keyboardHidden|navigation|orientation|screenLayout|uiMode|screenSize"
222-->src/main/AndroidManifest.xml:174:13-114
223            android:exported="true"
223-->src/main/AndroidManifest.xml:175:13-36
224            android:label="@string/app_name"
224-->src/main/AndroidManifest.xml:176:13-45
225            android:screenOrientation="portrait"
225-->src/main/AndroidManifest.xml:177:13-49
226            android:windowSoftInputMode="stateHidden|stateAlwaysHidden|adjustNothing" />
226-->src/main/AndroidManifest.xml:178:13-86
227        <activity
227-->src/main/AndroidManifest.xml:180:9-186:89
228            android:name="com.loseweight.TurnOnWaterActivity"
228-->src/main/AndroidManifest.xml:181:13-62
229            android:configChanges="keyboard|keyboardHidden|navigation|orientation|screenLayout|uiMode|screenSize"
229-->src/main/AndroidManifest.xml:182:13-114
230            android:exported="true"
230-->src/main/AndroidManifest.xml:183:13-36
231            android:label="@string/app_name"
231-->src/main/AndroidManifest.xml:184:13-45
232            android:screenOrientation="portrait"
232-->src/main/AndroidManifest.xml:185:13-49
233            android:windowSoftInputMode="stateHidden|stateAlwaysHidden|adjustNothing" />
233-->src/main/AndroidManifest.xml:186:13-86
234        <activity
234-->src/main/AndroidManifest.xml:188:9-194:89
235            android:name="com.loseweight.WellDoneActivity"
235-->src/main/AndroidManifest.xml:189:13-59
236            android:configChanges="keyboard|keyboardHidden|navigation|orientation|screenLayout|uiMode|screenSize"
236-->src/main/AndroidManifest.xml:190:13-114
237            android:exported="true"
237-->src/main/AndroidManifest.xml:191:13-36
238            android:label="@string/app_name"
238-->src/main/AndroidManifest.xml:192:13-45
239            android:screenOrientation="portrait"
239-->src/main/AndroidManifest.xml:193:13-49
240            android:windowSoftInputMode="stateHidden|stateAlwaysHidden|adjustNothing" />
240-->src/main/AndroidManifest.xml:194:13-86
241        <activity
241-->src/main/AndroidManifest.xml:196:9-202:89
242            android:name="com.loseweight.WaterTrackerActivity"
242-->src/main/AndroidManifest.xml:197:13-63
243            android:configChanges="keyboard|keyboardHidden|navigation|orientation|screenLayout|uiMode|screenSize"
243-->src/main/AndroidManifest.xml:198:13-114
244            android:exported="true"
244-->src/main/AndroidManifest.xml:199:13-36
245            android:label="@string/app_name"
245-->src/main/AndroidManifest.xml:200:13-45
246            android:screenOrientation="portrait"
246-->src/main/AndroidManifest.xml:201:13-49
247            android:windowSoftInputMode="stateHidden|stateAlwaysHidden|adjustNothing" />
247-->src/main/AndroidManifest.xml:202:13-86
248        <activity
248-->src/main/AndroidManifest.xml:204:9-210:89
249            android:name="com.loseweight.HomeDetailActivity"
249-->src/main/AndroidManifest.xml:205:13-61
250            android:configChanges="keyboard|keyboardHidden|navigation|orientation|screenLayout|uiMode|screenSize"
250-->src/main/AndroidManifest.xml:206:13-114
251            android:exported="true"
251-->src/main/AndroidManifest.xml:207:13-36
252            android:label="@string/app_name"
252-->src/main/AndroidManifest.xml:208:13-45
253            android:screenOrientation="portrait"
253-->src/main/AndroidManifest.xml:209:13-49
254            android:windowSoftInputMode="stateHidden|stateAlwaysHidden|adjustNothing" />
254-->src/main/AndroidManifest.xml:210:13-86
255        <activity
255-->src/main/AndroidManifest.xml:212:9-218:89
256            android:name="com.loseweight.ExercisesListActivity"
256-->src/main/AndroidManifest.xml:213:13-64
257            android:configChanges="keyboard|keyboardHidden|navigation|orientation|screenLayout|uiMode|screenSize"
257-->src/main/AndroidManifest.xml:214:13-114
258            android:exported="true"
258-->src/main/AndroidManifest.xml:215:13-36
259            android:label="@string/app_name"
259-->src/main/AndroidManifest.xml:216:13-45
260            android:screenOrientation="portrait"
260-->src/main/AndroidManifest.xml:217:13-49
261            android:windowSoftInputMode="stateHidden|stateAlwaysHidden|adjustNothing" />
261-->src/main/AndroidManifest.xml:218:13-86
262        <activity
262-->src/main/AndroidManifest.xml:220:9-226:89
263            android:name="com.loseweight.FastWorkoutActivity"
263-->src/main/AndroidManifest.xml:221:13-62
264            android:configChanges="keyboard|keyboardHidden|navigation|orientation|screenLayout|uiMode|screenSize"
264-->src/main/AndroidManifest.xml:222:13-114
265            android:exported="true"
265-->src/main/AndroidManifest.xml:223:13-36
266            android:label="@string/app_name"
266-->src/main/AndroidManifest.xml:224:13-45
267            android:screenOrientation="portrait"
267-->src/main/AndroidManifest.xml:225:13-49
268            android:windowSoftInputMode="stateHidden|stateAlwaysHidden|adjustNothing" />
268-->src/main/AndroidManifest.xml:226:13-86
269        <activity
269-->src/main/AndroidManifest.xml:229:9-235:89
270            android:name="com.loseweight.FastWorkOutDetailActivity"
270-->src/main/AndroidManifest.xml:230:13-68
271            android:configChanges="keyboard|keyboardHidden|navigation|orientation|screenLayout|uiMode|screenSize"
271-->src/main/AndroidManifest.xml:231:13-114
272            android:exported="true"
272-->src/main/AndroidManifest.xml:232:13-36
273            android:label="@string/app_name"
273-->src/main/AndroidManifest.xml:233:13-45
274            android:screenOrientation="portrait"
274-->src/main/AndroidManifest.xml:234:13-49
275            android:windowSoftInputMode="stateHidden|stateAlwaysHidden|adjustNothing" />
275-->src/main/AndroidManifest.xml:235:13-86
276        <activity
276-->src/main/AndroidManifest.xml:237:9-243:89
277            android:name="com.loseweight.PerformWorkOutActivity"
277-->src/main/AndroidManifest.xml:238:13-65
278            android:configChanges="keyboard|keyboardHidden|navigation|orientation|screenLayout|uiMode|screenSize"
278-->src/main/AndroidManifest.xml:239:13-114
279            android:exported="true"
279-->src/main/AndroidManifest.xml:240:13-36